podman-compose version: 1.0.6
['podman', '--version', '']
using podman version: 4.3.1
podman logs pamdebug_server_1
ssh-keygen: generating new host keys: RSA ECDSA ED25519 
debug1: sshd version OpenSSH_9.1, OpenSSL 3.0.8 7 Feb 2023
debug1: private host key #0: ssh-rsa SHA256:jwrm2WdvbY2/ilp7Aw1Xo+KFCiHkI6OnWUMmIuOPub0
debug1: private host key #1: ecdsa-sha2-nistp256 SHA256:M2lRo0hxKtqp3kmfHUayI4yPRqW3lNydBYtjgTJQq2k
debug1: private host key #2: ssh-ed25519 SHA256:M1csxOx7m1Gb/Lse/lREUufoiP8I+h7jM1LtM35y6mw
debug1: rexec_argv[0]='/usr/sbin/sshd.pam'
debug1: rexec_argv[1]='-d'
debug1: Set /proc/self/oom_score_adj from 0 to -1000
debug1: Bind to port 22 on 0.0.0.0.
Server listening on 0.0.0.0 port 22.
debug1: Bind to port 22 on ::.
Server listening on :: port 22.
debug1: Server will not fork when running in debugging mode.
debug1: rexec start in 5 out 5 newsock 5 pipe -1 sock 8
debug1: sshd version OpenSSH_9.1, OpenSSL 3.0.8 7 Feb 2023
debug1: private host key #0: ssh-rsa SHA256:jwrm2WdvbY2/ilp7Aw1Xo+KFCiHkI6OnWUMmIuOPub0
debug1: private host key #1: ecdsa-sha2-nistp256 SHA256:M2lRo0hxKtqp3kmfHUayI4yPRqW3lNydBYtjgTJQq2k
debug1: private host key #2: ssh-ed25519 SHA256:M1csxOx7m1Gb/Lse/lREUufoiP8I+h7jM1LtM35y6mw
debug1: inetd sockets after dupping: 3, 3
Connection from 10.89.1.18 port 60280 on 10.89.1.18 port 22 rdomain ""
debug1: Local version string SSH-2.0-OpenSSH_9.1
debug1: Remote protocol version 2.0, remote software version OpenSSH_9.2
debug1: compat_banner: match: OpenSSH_9.2 pat OpenSSH* compat 0x04000000
debug1: permanently_set_uid: 22/22 [preauth]
debug1: list_hostkey_types: rsa-sha2-512,rsa-sha2-256,ecdsa-sha2-nistp256,ssh-ed25519 [preauth]
debug1: SSH2_MSG_KEXINIT sent [preauth]
debug1: SSH2_MSG_KEXINIT received [preauth]
debug1: kex: algorithm: sntrup761x25519-sha512@openssh.com [preauth]
debug1: kex: host key algorithm: ssh-ed25519 [preauth]
debug1: kex: client->server cipher: chacha20-poly1305@openssh.com MAC: <implicit> compression: none [preauth]
debug1: kex: server->client cipher: chacha20-poly1305@openssh.com MAC: <implicit> compression: none [preauth]
debug1: expecting SSH2_MSG_KEX_ECDH_INIT [preauth]
debug1: SSH2_MSG_KEX_ECDH_INIT received [preauth]
debug1: rekey out after 134217728 blocks [preauth]
debug1: SSH2_MSG_NEWKEYS sent [preauth]
debug1: Sending SSH2_MSG_EXT_INFO [preauth]
debug1: expecting SSH2_MSG_NEWKEYS [preauth]
debug1: SSH2_MSG_NEWKEYS received [preauth]
debug1: rekey in after 134217728 blocks [preauth]
debug1: KEX done [preauth]
debug1: userauth-request for user root service ssh-connection method none [preauth]
debug1: attempt 0 failures 0 [preauth]
debug1: authentication methods list 0: keyboard-interactive:pam
debug1: authentication methods list 0: keyboard-interactive:pam [preauth]
debug1: PAM: initializing for "root"
debug1: PAM: setting PAM_RHOST to "10.89.1.18"
debug1: PAM: setting PAM_TTY to "ssh"
debug1: userauth-request for user root service ssh-connection method keyboard-interactive [preauth]
debug1: attempt 1 failures 0 [preauth]
debug1: keyboard-interactive devs  [preauth]
debug1: auth2_challenge: user=root devs= [preauth]
debug1: kbdint_alloc: devices 'pam' [preauth]
debug1: auth2_challenge_start: trying authentication method 'pam' [preauth]
debug1: do_pam_account: called
debug1: PAM: num PAM env strings 2
Postponed keyboard-interactive for root from 10.89.1.18 port 60280 ssh2 [preauth]
debug1: do_pam_account: called
Accepted keyboard-interactive/pam for root from 10.89.1.18 port 60280 ssh2
debug1: monitor_child_preauth: user root authenticated by privileged process
debug1: monitor_read_log: child log fd closed
debug1: PAM: establishing credentials
PAM: pam_setcred(): Permission denied
debug1: do_cleanup
exit code: 0
